18:23:15 Validating gru_limitcycle at iteration 500.
  Training loss: 9.65
  Training accuracy: 16.8%
  L2 regularization: 0.00904
  Validation loss: 11.2
  Validation accuracy: 16.5%

18:23:21 Validating gru_limitcycle at iteration 1000.
  Training loss: 8.69
  Training accuracy: 18.7%
  L2 regularization: 0.011
  Validation loss: 12.3
  Validation accuracy: 17.1%

18:23:22 Saving gru_limitcycle at iteration 1000.

18:23:27 Validating gru_limitcycle at iteration 1500.
  Training loss: 8.03
  Training accuracy: 19.7%
  L2 regularization: 0.0121
  Validation loss: 13.4
  Validation accuracy: 18.3%

18:23:33 Validating gru_limitcycle at iteration 2000.
  Training loss: 7.7
  Training accuracy: 20.4%
  L2 regularization: 0.013
  Validation loss: 14.1
  Validation accuracy: 18.0%

18:23:34 Saving gru_limitcycle at iteration 2000.

18:23:39 Validating gru_limitcycle at iteration 2500.
  Training loss: 7.45
  Training accuracy: 20.9%
  L2 regularization: 0.0138
  Validation loss: 14.9
  Validation accuracy: 18.9%

18:23:45 Validating gru_limitcycle at iteration 3000.
  Training loss: 7.11
  Training accuracy: 21.4%
  L2 regularization: 0.0144
  Validation loss: 15.9
  Validation accuracy: 18.5%

18:23:46 Saving gru_limitcycle at iteration 3000.

18:23:51 Validating gru_limitcycle at iteration 3500.
  Training loss: 6.85
  Training accuracy: 21.5%
  L2 regularization: 0.015
  Validation loss: 16.4
  Validation accuracy: 19.3%

18:23:57 Validating gru_limitcycle at iteration 4000.
  Training loss: 6.89
  Training accuracy: 22.2%
  L2 regularization: 0.0155
  Validation loss: 16.5
  Validation accuracy: 18.4%

18:23:58 Saving gru_limitcycle at iteration 4000.

18:24:03 Validating gru_limitcycle at iteration 4500.
  Training loss: 6.66
  Training accuracy: 22.4%
  L2 regularization: 0.016
  Validation loss: 17.9
  Validation accuracy: 19.6%

18:24:09 Validating gru_limitcycle at iteration 5000.
  Training loss: 6.54
  Training accuracy: 22.9%
  L2 regularization: 0.0163
  Validation loss: 18.1
  Validation accuracy: 18.6%

18:24:10 Saving gru_limitcycle at iteration 5000.

18:24:15 Validating gru_limitcycle at iteration 5500.
  Training loss: 6.6
  Training accuracy: 23.0%
  L2 regularization: 0.0166
  Validation loss: 18.3
  Validation accuracy: 19.5%

18:24:21 Validating gru_limitcycle at iteration 6000.
  Training loss: 6.3
  Training accuracy: 23.0%
  L2 regularization: 0.017
  Validation loss: 19.3
  Validation accuracy: 18.8%

18:24:22 Saving gru_limitcycle at iteration 6000.

18:24:27 Validating gru_limitcycle at iteration 6500.
  Training loss: 6.39
  Training accuracy: 23.1%
  L2 regularization: 0.0173
  Validation loss: 20.1
  Validation accuracy: 19.6%

18:24:33 Validating gru_limitcycle at iteration 7000.
  Training loss: 6.16
  Training accuracy: 23.5%
  L2 regularization: 0.0176
  Validation loss: 20.2
  Validation accuracy: 19.0%

18:24:34 Saving gru_limitcycle at iteration 7000.

18:24:40 Validating gru_limitcycle at iteration 7500.
  Training loss: 6.1
  Training accuracy: 23.5%
  L2 regularization: 0.0178
  Validation loss: 20.8
  Validation accuracy: 19.7%

18:24:45 Validating gru_limitcycle at iteration 8000.
  Training loss: 6.64
  Training accuracy: 23.4%
  L2 regularization: 0.0181
  Validation loss: 20.9
  Validation accuracy: 19.1%

18:24:46 Saving gru_limitcycle at iteration 8000.

18:24:52 Validating gru_limitcycle at iteration 8500.
  Training loss: 6.01
  Training accuracy: 23.6%
  L2 regularization: 0.0183
  Validation loss: 21.9
  Validation accuracy: 19.7%

18:24:57 Validating gru_limitcycle at iteration 9000.
  Training loss: 6.11
  Training accuracy: 23.5%
  L2 regularization: 0.0183
  Validation loss: 20.5
  Validation accuracy: 18.9%

18:24:59 Saving gru_limitcycle at iteration 9000.

18:25:04 Validating gru_limitcycle at iteration 9500.
  Training loss: 6.09
  Training accuracy: 23.7%
  L2 regularization: 0.0186
  Validation loss: 22.0
  Validation accuracy: 19.7%

18:25:10 Finished training. Entering testing phase.
  Testing loss: 22.0
  Testing accuracy: 20.1%
Final save of.
Training gru_limitcycle ended on 14-12-2021 at 18:25:10.
